<?xml version="1.0" encoding="UTF-8"?>
<!-- Generated by org.testng.reporters.JUnitReportReporter -->
<testsuite hostname="DESKTOP-OET529O" failures="0" tests="1" name="DropDown.SelectDropDown" time="11.108" errors="0" timestamp="2025-03-08T13:37:28 IST" skipped="0">
  <testcase classname="DropDown.SelectDropDown" name="UserForm" time="11.108"/>
</testsuite> <!-- DropDown.SelectDropDown -->
