<?xml version="1.0" encoding="UTF-8"?>
<!-- Generated by org.testng.reporters.JUnitReportReporter -->
<testsuite hostname="DESKTOP-OET529O" failures="0" tests="1" name="DropDown.BootstapDropDown" time="10.493" errors="0" timestamp="2025-03-08T13:37:28 IST" skipped="0">
  <testcase classname="DropDown.BootstapDropDown" name="programming" time="10.493"/>
</testsuite> <!-- DropDown.BootstapDropDown -->
